
> react-typescript-starter@0.1.0 test
> react-scripts test "--coverage"

FAIL src/arrays.test.ts
  ● Testing the array functions › Testing the shoutIfExclaiming function

    expect(received).toEqual(expected) // deep equality

    - Expected  - 6
    + Received  + 1

    - Array [
    -   "Hello",
    -   "you",
    -   "are",
    -   "GREAT!",
    - ]
    + Array []

      144 |
      145 |     test("Testing the shoutIfExclaiming function", () => {
    > 146 |         expect(shoutIfExclaiming(MESSAGE_1)).toEqual([
          |                                              ^
      147 |             "Hello",
      148 |             "you",
      149 |             "are",

      at Object.<anonymous> (src/arrays.test.ts:146:46)

PASS src/objects.test.ts
PASS src/functions.test.ts
PASS src/HtmlCss.test.tsx
PASS src/text.test.tsx
PASS src/App.test.tsx
----------------|---------|----------|---------|---------|-------------------
File            | % Stmts | % Branch | % Funcs | % Lines | Uncovered Line #s 
----------------|---------|----------|---------|---------|-------------------
All files       |   99.09 |    94.59 |   97.43 |   99.03 |                   
 src            |   99.09 |    94.59 |   97.43 |   99.03 |                   
  App.tsx       |     100 |      100 |     100 |     100 |                   
  arrays.ts     |   98.14 |    89.47 |      95 |   97.87 | 69                
  functions.ts  |     100 |      100 |     100 |     100 |                   
  objects.ts    |     100 |      100 |     100 |     100 |                   
 src/interfaces |       0 |        0 |       0 |       0 |                   
  question.ts   |       0 |        0 |       0 |       0 |                   
----------------|---------|----------|---------|---------|-------------------

Test Suites: 1 failed, 5 passed, 6 total
Tests:       1 failed, 30 passed, 31 total
Snapshots:   0 total
Time:        4.09 s
Ran all test suites.
